<?xml version="1.0" encoding="UTF-8"?>
<coverage generated="1640058252597" clover="3.2.0">
  <project timestamp="1640058252597" name="All files">
    <metrics statements="46" coveredstatements="43" conditionals="12" coveredconditionals="9" methods="7" coveredmethods="7" elements="65" coveredelements="59" complexity="0" loc="46" ncloc="46" packages="1" files="1" classes="1"/>
    <file name="orders.js" path="C:\Users\LENOVO\Documents\Me\Job Placement ACP\FDN\female-test\services\order\orders.js">
      <metrics statements="46" coveredstatements="43" conditionals="12" coveredconditionals="9" methods="7" coveredmethods="7"/>
      <line num="1" count="1" type="stmt"/>
      <line num="4" count="1" type="cond" truecount="1" falsecount="0"/>
      <line num="5" count="7" type="stmt"/>
      <line num="6" count="7" type="cond" truecount="2" falsecount="0"/>
      <line num="7" count="3" type="stmt"/>
      <line num="9" count="4" type="cond" truecount="1" falsecount="1"/>
      <line num="10" count="4" type="stmt"/>
      <line num="11" count="4" type="stmt"/>
      <line num="14" count="0" type="stmt"/>
      <line num="18" count="1" type="cond" truecount="0" falsecount="1"/>
      <line num="19" count="1" type="cond" truecount="1" falsecount="1"/>
      <line num="20" count="0" type="stmt"/>
      <line num="23" count="1" type="stmt"/>
      <line num="24" count="1" type="stmt"/>
      <line num="25" count="6" type="stmt"/>
      <line num="28" count="1" type="stmt"/>
      <line num="31" count="1" type="stmt"/>
      <line num="32" count="3" type="stmt"/>
      <line num="33" count="3" type="stmt"/>
      <line num="34" count="3" type="stmt"/>
      <line num="35" count="3" type="stmt"/>
      <line num="36" count="3" type="stmt"/>
      <line num="46" count="3" type="stmt"/>
      <line num="49" count="1" type="stmt"/>
      <line num="51" count="4" type="stmt"/>
      <line num="52" count="4" type="stmt"/>
      <line num="58" count="4" type="stmt"/>
      <line num="60" count="4" type="stmt"/>
      <line num="61" count="14" type="cond" truecount="2" falsecount="0"/>
      <line num="62" count="12" type="stmt"/>
      <line num="66" count="4" type="stmt"/>
      <line num="67" count="4" type="stmt"/>
      <line num="68" count="4" type="stmt"/>
      <line num="69" count="14" type="stmt"/>
      <line num="70" count="14" type="stmt"/>
      <line num="71" count="14" type="cond" truecount="2" falsecount="0"/>
      <line num="72" count="12" type="stmt"/>
      <line num="73" count="12" type="stmt"/>
      <line num="74" count="12" type="stmt"/>
      <line num="75" count="12" type="stmt"/>
      <line num="77" count="12" type="stmt"/>
      <line num="81" count="2" type="stmt"/>
      <line num="83" count="14" type="stmt"/>
      <line num="86" count="4" type="stmt"/>
      <line num="89" count="0" type="stmt"/>
      <line num="93" count="1" type="stmt"/>
    </file>
  </project>
</coverage>
