{"C:\\Users\\LENOVO\\Documents\\Me\\Job Placement ACP\\FDN\\female-test\\services\\order\\orders.js": {"path":"C:\\Users\\LENOVO\\Documents\\Me\\Job Placement ACP\\FDN\\female-test\\services\\order\\orders.js","statementMap":{"0":{"start":{"line":1,"column":10},"end":{"line":1,"column":28}},"1":{"start":{"line":4,"column":17},"end":{"line":16,"column":1}},"2":{"start":{"line":5,"column":4},"end":{"line":15,"column":5}},"3":{"start":{"line":6,"column":8},"end":{"line":8,"column":9}},"4":{"start":{"line":7,"column":12},"end":{"line":7,"column":41}},"5":{"start":{"line":9,"column":8},"end":{"line":12,"column":9}},"6":{"start":{"line":10,"column":12},"end":{"line":10,"column":32}},"7":{"start":{"line":11,"column":12},"end":{"line":11,"column":40}},"8":{"start":{"line":14,"column":8},"end":{"line":14,"column":19}},"9":{"start":{"line":18,"column":18},"end":{"line":29,"column":1}},"10":{"start":{"line":19,"column":4},"end":{"line":21,"column":5}},"11":{"start":{"line":20,"column":8},"end":{"line":20,"column":63}},"12":{"start":{"line":23,"column":17},"end":{"line":23,"column":19}},"13":{"start":{"line":24,"column":4},"end":{"line":26,"column":5}},"14":{"start":{"line":25,"column":8},"end":{"line":25,"column":24}},"15":{"start":{"line":28,"column":4},"end":{"line":28,"column":17}},"16":{"start":{"line":31,"column":25},"end":{"line":47,"column":1}},"17":{"start":{"line":32,"column":17},"end":{"line":32,"column":19}},"18":{"start":{"line":33,"column":14},"end":{"line":33,"column":15}},"19":{"start":{"line":34,"column":4},"end":{"line":44,"column":7}},"20":{"start":{"line":35,"column":8},"end":{"line":35,"column":13}},"21":{"start":{"line":36,"column":8},"end":{"line":43,"column":10}},"22":{"start":{"line":46,"column":4},"end":{"line":46,"column":17}},"23":{"start":{"line":49,"column":24},"end":{"line":91,"column":1}},"24":{"start":{"line":51,"column":4},"end":{"line":90,"column":5}},"25":{"start":{"line":52,"column":26},"end":{"line":56,"column":9}},"26":{"start":{"line":58,"column":21},"end":{"line":58,"column":23}},"27":{"start":{"line":60,"column":8},"end":{"line":64,"column":10}},"28":{"start":{"line":61,"column":12},"end":{"line":63,"column":13}},"29":{"start":{"line":62,"column":16},"end":{"line":62,"column":39}},"30":{"start":{"line":66,"column":20},"end":{"line":66,"column":22}},"31":{"start":{"line":67,"column":18},"end":{"line":67,"column":19}},"32":{"start":{"line":68,"column":8},"end":{"line":84,"column":10}},"33":{"start":{"line":69,"column":22},"end":{"line":69,"column":38}},"34":{"start":{"line":70,"column":12},"end":{"line":70,"column":31}},"35":{"start":{"line":71,"column":12},"end":{"line":82,"column":13}},"36":{"start":{"line":72,"column":16},"end":{"line":72,"column":36}},"37":{"start":{"line":73,"column":16},"end":{"line":73,"column":30}},"38":{"start":{"line":74,"column":16},"end":{"line":74,"column":60}},"39":{"start":{"line":75,"column":16},"end":{"line":75,"column":40}},"40":{"start":{"line":77,"column":16},"end":{"line":79,"column":19}},"41":{"start":{"line":81,"column":16},"end":{"line":81,"column":59}},"42":{"start":{"line":83,"column":12},"end":{"line":83,"column":18}},"43":{"start":{"line":86,"column":8},"end":{"line":86,"column":21}},"44":{"start":{"line":89,"column":8},"end":{"line":89,"column":26}},"45":{"start":{"line":93,"column":0},"end":{"line":96,"column":1}}},"fnMap":{"0":{"name":"(anonymous_0)","decl":{"start":{"line":4,"column":17},"end":{"line":4,"column":18}},"loc":{"start":{"line":4,"column":49},"end":{"line":16,"column":1}},"line":4},"1":{"name":"(anonymous_1)","decl":{"start":{"line":18,"column":18},"end":{"line":18,"column":19}},"loc":{"start":{"line":18,"column":37},"end":{"line":29,"column":1}},"line":18},"2":{"name":"(anonymous_2)","decl":{"start":{"line":31,"column":25},"end":{"line":31,"column":26}},"loc":{"start":{"line":31,"column":35},"end":{"line":47,"column":1}},"line":31},"3":{"name":"(anonymous_3)","decl":{"start":{"line":34,"column":17},"end":{"line":34,"column":18}},"loc":{"start":{"line":34,"column":22},"end":{"line":44,"column":5}},"line":34},"4":{"name":"(anonymous_4)","decl":{"start":{"line":49,"column":24},"end":{"line":49,"column":25}},"loc":{"start":{"line":49,"column":34},"end":{"line":91,"column":1}},"line":49},"5":{"name":"(anonymous_5)","decl":{"start":{"line":60,"column":21},"end":{"line":60,"column":22}},"loc":{"start":{"line":60,"column":26},"end":{"line":64,"column":9}},"line":60},"6":{"name":"(anonymous_6)","decl":{"start":{"line":68,"column":21},"end":{"line":68,"column":22}},"loc":{"start":{"line":68,"column":26},"end":{"line":84,"column":9}},"line":68}},"branchMap":{"0":{"loc":{"start":{"line":4,"column":29},"end":{"line":4,"column":44}},"type":"default-arg","locations":[{"start":{"line":4,"column":36},"end":{"line":4,"column":44}}],"line":4},"1":{"loc":{"start":{"line":6,"column":8},"end":{"line":8,"column":9}},"type":"if","locations":[{"start":{"line":6,"column":8},"end":{"line":8,"column":9}},{"start":{},"end":{}}],"line":6},"2":{"loc":{"start":{"line":9,"column":8},"end":{"line":12,"column":9}},"type":"if","locations":[{"start":{"line":9,"column":8},"end":{"line":12,"column":9}},{"start":{},"end":{}}],"line":9},"3":{"loc":{"start":{"line":18,"column":25},"end":{"line":18,"column":32}},"type":"default-arg","locations":[{"start":{"line":18,"column":30},"end":{"line":18,"column":32}}],"line":18},"4":{"loc":{"start":{"line":19,"column":4},"end":{"line":21,"column":5}},"type":"if","locations":[{"start":{"line":19,"column":4},"end":{"line":21,"column":5}},{"start":{},"end":{}}],"line":19},"5":{"loc":{"start":{"line":61,"column":12},"end":{"line":63,"column":13}},"type":"if","locations":[{"start":{"line":61,"column":12},"end":{"line":63,"column":13}},{"start":{},"end":{}}],"line":61},"6":{"loc":{"start":{"line":71,"column":12},"end":{"line":82,"column":13}},"type":"if","locations":[{"start":{"line":71,"column":12},"end":{"line":82,"column":13}},{"start":{"line":80,"column":17},"end":{"line":82,"column":13}}],"line":71}},"s":{"0":1,"1":1,"2":7,"3":7,"4":3,"5":4,"6":4,"7":4,"8":0,"9":1,"10":1,"11":0,"12":1,"13":1,"14":6,"15":1,"16":1,"17":3,"18":3,"19":3,"20":3,"21":3,"22":3,"23":1,"24":4,"25":4,"26":4,"27":4,"28":14,"29":12,"30":4,"31":4,"32":4,"33":14,"34":14,"35":14,"36":12,"37":12,"38":12,"39":12,"40":12,"41":2,"42":14,"43":4,"44":0,"45":1},"f":{"0":7,"1":1,"2":3,"3":3,"4":4,"5":14,"6":14},"b":{"0":[3],"1":[3,4],"2":[4,0],"3":[0],"4":[0,1],"5":[12,2],"6":[12,2]},"_coverageSchema":"1a1c01bbd47fc00a2c39e90264f33305004495a9","hash":"f9255ea016ab88503b6b3884f210c64bacf2548c"}
}
