{"C:\\Users\\LENOVO\\Documents\\Me\\Job Placement ACP\\FDN\\female-test\\services\\order\\orders.js": {"path":"C:\\Users\\LENOVO\\Documents\\Me\\Job Placement ACP\\FDN\\female-test\\services\\order\\orders.js","statementMap":{"0":{"start":{"line":1,"column":10},"end":{"line":1,"column":28}},"1":{"start":{"line":4,"column":17},"end":{"line":16,"column":1}},"2":{"start":{"line":5,"column":4},"end":{"line":15,"column":5}},"3":{"start":{"line":6,"column":8},"end":{"line":8,"column":9}},"4":{"start":{"line":7,"column":12},"end":{"line":7,"column":41}},"5":{"start":{"line":9,"column":8},"end":{"line":12,"column":9}},"6":{"start":{"line":10,"column":12},"end":{"line":10,"column":32}},"7":{"start":{"line":11,"column":12},"end":{"line":11,"column":40}},"8":{"start":{"line":14,"column":8},"end":{"line":14,"column":19}},"9":{"start":{"line":18,"column":25},"end":{"line":32,"column":1}},"10":{"start":{"line":19,"column":17},"end":{"line":19,"column":19}},"11":{"start":{"line":20,"column":4},"end":{"line":29,"column":7}},"12":{"start":{"line":22,"column":8},"end":{"line":28,"column":10}},"13":{"start":{"line":31,"column":4},"end":{"line":31,"column":17}},"14":{"start":{"line":34,"column":24},"end":{"line":74,"column":1}},"15":{"start":{"line":36,"column":4},"end":{"line":73,"column":5}},"16":{"start":{"line":37,"column":26},"end":{"line":40,"column":9}},"17":{"start":{"line":42,"column":21},"end":{"line":42,"column":23}},"18":{"start":{"line":44,"column":8},"end":{"line":48,"column":10}},"19":{"start":{"line":45,"column":12},"end":{"line":47,"column":13}},"20":{"start":{"line":46,"column":16},"end":{"line":46,"column":39}},"21":{"start":{"line":50,"column":20},"end":{"line":50,"column":22}},"22":{"start":{"line":51,"column":18},"end":{"line":51,"column":19}},"23":{"start":{"line":52,"column":8},"end":{"line":67,"column":10}},"24":{"start":{"line":53,"column":22},"end":{"line":53,"column":38}},"25":{"start":{"line":54,"column":12},"end":{"line":54,"column":31}},"26":{"start":{"line":55,"column":12},"end":{"line":65,"column":13}},"27":{"start":{"line":56,"column":16},"end":{"line":56,"column":36}},"28":{"start":{"line":57,"column":16},"end":{"line":57,"column":60}},"29":{"start":{"line":58,"column":16},"end":{"line":58,"column":40}},"30":{"start":{"line":60,"column":16},"end":{"line":62,"column":19}},"31":{"start":{"line":64,"column":16},"end":{"line":64,"column":59}},"32":{"start":{"line":66,"column":12},"end":{"line":66,"column":18}},"33":{"start":{"line":69,"column":8},"end":{"line":69,"column":21}},"34":{"start":{"line":72,"column":8},"end":{"line":72,"column":26}},"35":{"start":{"line":76,"column":0},"end":{"line":78,"column":1}}},"fnMap":{"0":{"name":"(anonymous_0)","decl":{"start":{"line":4,"column":17},"end":{"line":4,"column":18}},"loc":{"start":{"line":4,"column":49},"end":{"line":16,"column":1}},"line":4},"1":{"name":"(anonymous_1)","decl":{"start":{"line":18,"column":25},"end":{"line":18,"column":26}},"loc":{"start":{"line":18,"column":35},"end":{"line":32,"column":1}},"line":18},"2":{"name":"(anonymous_2)","decl":{"start":{"line":20,"column":17},"end":{"line":20,"column":18}},"loc":{"start":{"line":20,"column":22},"end":{"line":29,"column":5}},"line":20},"3":{"name":"(anonymous_3)","decl":{"start":{"line":34,"column":24},"end":{"line":34,"column":25}},"loc":{"start":{"line":34,"column":34},"end":{"line":74,"column":1}},"line":34},"4":{"name":"(anonymous_4)","decl":{"start":{"line":44,"column":21},"end":{"line":44,"column":22}},"loc":{"start":{"line":44,"column":26},"end":{"line":48,"column":9}},"line":44},"5":{"name":"(anonymous_5)","decl":{"start":{"line":52,"column":21},"end":{"line":52,"column":22}},"loc":{"start":{"line":52,"column":26},"end":{"line":67,"column":9}},"line":52}},"branchMap":{"0":{"loc":{"start":{"line":4,"column":29},"end":{"line":4,"column":44}},"type":"default-arg","locations":[{"start":{"line":4,"column":36},"end":{"line":4,"column":44}}],"line":4},"1":{"loc":{"start":{"line":6,"column":8},"end":{"line":8,"column":9}},"type":"if","locations":[{"start":{"line":6,"column":8},"end":{"line":8,"column":9}},{"start":{},"end":{}}],"line":6},"2":{"loc":{"start":{"line":9,"column":8},"end":{"line":12,"column":9}},"type":"if","locations":[{"start":{"line":9,"column":8},"end":{"line":12,"column":9}},{"start":{},"end":{}}],"line":9},"3":{"loc":{"start":{"line":45,"column":12},"end":{"line":47,"column":13}},"type":"if","locations":[{"start":{"line":45,"column":12},"end":{"line":47,"column":13}},{"start":{},"end":{}}],"line":45},"4":{"loc":{"start":{"line":55,"column":12},"end":{"line":65,"column":13}},"type":"if","locations":[{"start":{"line":55,"column":12},"end":{"line":65,"column":13}},{"start":{"line":63,"column":17},"end":{"line":65,"column":13}}],"line":55}},"s":{"0":1,"1":1,"2":6,"3":6,"4":3,"5":3,"6":3,"7":3,"8":0,"9":1,"10":3,"11":3,"12":3,"13":3,"14":1,"15":3,"16":3,"17":3,"18":3,"19":10,"20":9,"21":3,"22":3,"23":3,"24":10,"25":10,"26":10,"27":9,"28":9,"29":9,"30":9,"31":1,"32":10,"33":3,"34":0,"35":1},"f":{"0":6,"1":3,"2":3,"3":3,"4":10,"5":10},"b":{"0":[3],"1":[3,3],"2":[3,0],"3":[9,1],"4":[9,1]},"_coverageSchema":"1a1c01bbd47fc00a2c39e90264f33305004495a9","hash":"56c5606245b1dda27dbf4aaa8b31ff8b1da14480"}
}
