TN:
SF:services\order\orders.js
FN:4,(anonymous_0)
FN:18,(anonymous_1)
FN:31,(anonymous_2)
FN:34,(anonymous_3)
FN:49,(anonymous_4)
FN:60,(anonymous_5)
FN:68,(anonymous_6)
FNF:7
FNH:7
FNDA:7,(anonymous_0)
FNDA:1,(anonymous_1)
FNDA:3,(anonymous_2)
FNDA:3,(anonymous_3)
FNDA:4,(anonymous_4)
FNDA:14,(anonymous_5)
FNDA:14,(anonymous_6)
DA:1,1
DA:4,1
DA:5,7
DA:6,7
DA:7,3
DA:9,4
DA:10,4
DA:11,4
DA:14,0
DA:18,1
DA:19,1
DA:20,0
DA:23,1
DA:24,1
DA:25,6
DA:28,1
DA:31,1
DA:32,3
DA:33,3
DA:34,3
DA:35,3
DA:36,3
DA:46,3
DA:49,1
DA:51,4
DA:52,4
DA:58,4
DA:60,4
DA:61,14
DA:62,12
DA:66,4
DA:67,4
DA:68,4
DA:69,14
DA:70,14
DA:71,14
DA:72,12
DA:73,12
DA:74,12
DA:75,12
DA:77,12
DA:81,2
DA:83,14
DA:86,4
DA:89,0
DA:93,1
LF:46
LH:43
BRDA:4,0,0,3
BRDA:6,1,0,3
BRDA:6,1,1,4
BRDA:9,2,0,4
BRDA:9,2,1,0
BRDA:18,3,0,0
BRDA:19,4,0,0
BRDA:19,4,1,1
BRDA:61,5,0,12
BRDA:61,5,1,2
BRDA:71,6,0,12
BRDA:71,6,1,2
BRF:12
BRH:9
end_of_record
