TN:
SF:services\order\orders.js
FN:4,(anonymous_0)
FN:18,(anonymous_1)
FN:20,(anonymous_2)
FN:34,(anonymous_3)
FN:44,(anonymous_4)
FN:52,(anonymous_5)
FNF:6
FNH:6
FNDA:6,(anonymous_0)
FNDA:3,(anonymous_1)
FNDA:3,(anonymous_2)
FNDA:3,(anonymous_3)
FNDA:10,(anonymous_4)
FNDA:10,(anonymous_5)
DA:1,1
DA:4,1
DA:5,6
DA:6,6
DA:7,3
DA:9,3
DA:10,3
DA:11,3
DA:14,0
DA:18,1
DA:19,3
DA:20,3
DA:22,3
DA:31,3
DA:34,1
DA:36,3
DA:37,3
DA:42,3
DA:44,3
DA:45,10
DA:46,9
DA:50,3
DA:51,3
DA:52,3
DA:53,10
DA:54,10
DA:55,10
DA:56,9
DA:57,9
DA:58,9
DA:60,9
DA:64,1
DA:66,10
DA:69,3
DA:72,0
DA:76,1
LF:36
LH:34
BRDA:4,0,0,3
BRDA:6,1,0,3
BRDA:6,1,1,3
BRDA:9,2,0,3
BRDA:9,2,1,0
BRDA:45,3,0,9
BRDA:45,3,1,1
BRDA:55,4,0,9
BRDA:55,4,1,1
BRF:9
BRH:8
end_of_record
